2016.06.28 02:48 B C:\Users\Toon van Grinsven\Desktop\Documents\Huis Lennisheuvel\lightbox\images\.DS_Store --> ftp.lennisheuvel.nl /webspace/httpdocs/lightbox/images .DS_Store
2016.06.28 02:48 B C:\Users\Toon van Grinsven\Desktop\Documents\Huis Lennisheuvel\lightbox\images\bg-checker.png --> ftp.lennisheuvel.nl /webspace/httpdocs/lightbox/images bg-checker.png
2016.06.28 02:48 B C:\Users\Toon van Grinsven\Desktop\Documents\Huis Lennisheuvel\lightbox\images\box.png --> ftp.lennisheuvel.nl /webspace/httpdocs/lightbox/images box.png
2016.06.28 02:48 B C:\Users\Toon van Grinsven\Desktop\Documents\Huis Lennisheuvel\lightbox\images\bullet.gif --> ftp.lennisheuvel.nl /webspace/httpdocs/lightbox/images bullet.gif
2016.06.28 02:48 B C:\Users\Toon van Grinsven\Desktop\Documents\Huis Lennisheuvel\lightbox\images\close.png --> ftp.lennisheuvel.nl /webspace/httpdocs/lightbox/images close.png
2016.06.28 02:48 B C:\Users\Toon van Grinsven\Desktop\Documents\Huis Lennisheuvel\lightbox\images\donate.png --> ftp.lennisheuvel.nl /webspace/httpdocs/lightbox/images donate.png
2016.06.28 02:48 B C:\Users\Toon van Grinsven\Desktop\Documents\Huis Lennisheuvel\lightbox\images\favicon.gif --> ftp.lennisheuvel.nl /webspace/httpdocs/lightbox/images favicon.gif
2016.06.28 02:48 B C:\Users\Toon van Grinsven\Desktop\Documents\Huis Lennisheuvel\lightbox\images\loading.gif --> ftp.lennisheuvel.nl /webspace/httpdocs/lightbox/images loading.gif
2016.06.28 02:48 B C:\Users\Toon van Grinsven\Desktop\Documents\Huis Lennisheuvel\lightbox\images\next.png --> ftp.lennisheuvel.nl /webspace/httpdocs/lightbox/images next.png
2016.06.28 02:48 B C:\Users\Toon van Grinsven\Desktop\Documents\Huis Lennisheuvel\lightbox\images\prev.png --> ftp.lennisheuvel.nl /webspace/httpdocs/lightbox/images prev.png
2016.06.28 02:48 B C:\Users\Toon van Grinsven\Desktop\Documents\Huis Lennisheuvel\lightbox\images\speech-bubbles.png --> ftp.lennisheuvel.nl /webspace/httpdocs/lightbox/images speech-bubbles.png
2016.06.28 13:24 B C:\Users\Toon van Grinsven\Desktop\Documents\Huis Lennisheuvel\lightbox\images\.DS_Store --> ftp.lennisheuvel.nl /webspace/httpdocs/lightbox/images .DS_Store
2016.06.28 13:24 B C:\Users\Toon van Grinsven\Desktop\Documents\Huis Lennisheuvel\lightbox\images\bg-checker.png --> ftp.lennisheuvel.nl /webspace/httpdocs/lightbox/images bg-checker.png
2016.06.28 13:24 B C:\Users\Toon van Grinsven\Desktop\Documents\Huis Lennisheuvel\lightbox\images\box.png --> ftp.lennisheuvel.nl /webspace/httpdocs/lightbox/images box.png
2016.06.28 13:24 B C:\Users\Toon van Grinsven\Desktop\Documents\Huis Lennisheuvel\lightbox\images\bullet.gif --> ftp.lennisheuvel.nl /webspace/httpdocs/lightbox/images bullet.gif
2016.06.28 13:24 B C:\Users\Toon van Grinsven\Desktop\Documents\Huis Lennisheuvel\lightbox\images\close.png --> ftp.lennisheuvel.nl /webspace/httpdocs/lightbox/images close.png
2016.06.28 13:24 B C:\Users\Toon van Grinsven\Desktop\Documents\Huis Lennisheuvel\lightbox\images\donate.png --> ftp.lennisheuvel.nl /webspace/httpdocs/lightbox/images donate.png
2016.06.28 13:24 B C:\Users\Toon van Grinsven\Desktop\Documents\Huis Lennisheuvel\lightbox\images\favicon.gif --> ftp.lennisheuvel.nl /webspace/httpdocs/lightbox/images favicon.gif
2016.06.28 13:24 B C:\Users\Toon van Grinsven\Desktop\Documents\Huis Lennisheuvel\lightbox\images\loading.gif --> ftp.lennisheuvel.nl /webspace/httpdocs/lightbox/images loading.gif
2016.06.28 13:24 B C:\Users\Toon van Grinsven\Desktop\Documents\Huis Lennisheuvel\lightbox\images\next.png --> ftp.lennisheuvel.nl /webspace/httpdocs/lightbox/images next.png
2016.06.28 13:24 B C:\Users\Toon van Grinsven\Desktop\Documents\Huis Lennisheuvel\lightbox\images\prev.png --> ftp.lennisheuvel.nl /webspace/httpdocs/lightbox/images prev.png
2016.06.28 13:24 B C:\Users\Toon van Grinsven\Desktop\Documents\Huis Lennisheuvel\lightbox\images\speech-bubbles.png --> ftp.lennisheuvel.nl /webspace/httpdocs/lightbox/images speech-bubbles.png
